2022-05-23 09:03:18 INFO  Main:20 - A program itt kezdődik.
  2022-05-23 09:04:31 INFO  Main:20 - A program itt kezdődik.
  2022-05-23 09:04:35 INFO  MySQLConnection:17 - MySQLConnection létrejött.
  2022-05-23 09:04:35 INFO  MySQLConnection:17 - MySQLConnection létrejött.
  2022-05-23 09:04:35 INFO  LoginForm:64 - Hibás jelszó.
  2022-05-23 09:07:26 INFO  Main:20 - A program itt kezdődik.
  2022-05-23 09:07:30 INFO  MySQLConnection:17 - MySQLConnection létrejött.
  2022-05-23 09:07:30 INFO  MySQLConnection:17 - MySQLConnection létrejött.
  2022-05-23 09:07:33 INFO  MySQLConnection:17 - MySQLConnection létrejött.
  2022-05-23 09:07:33 INFO  MySQLConnection:17 - MySQLConnection létrejött.
  2022-05-23 09:07:33 INFO  MySQLConnection:17 - MySQLConnection létrejött.
  2022-05-23 09:12:11 INFO  Main:20 - A program itt kezdődik.
  2022-05-23 09:12:15 INFO  MySQLConnection:17 - MySQLConnection létrejött.
  2022-05-23 09:12:16 INFO  MySQLConnection:17 - MySQLConnection létrejött.
  2022-05-23 09:12:16 INFO  MySQLConnection:17 - MySQLConnection létrejött.
  2022-05-23 09:12:16 INFO  MySQLConnection:17 - MySQLConnection létrejött.
  2022-05-23 09:12:16 INFO  MySQLConnection:17 - MySQLConnection létrejött.
  2022-05-23 09:12:32 INFO  MySQLConnection:17 - MySQLConnection létrejött.
  2022-05-23 09:12:32 INFO  MySQLConnection:17 - MySQLConnection létrejött.
  2022-05-23 09:12:32 INFO  MySQLConnection:17 - MySQLConnection létrejött.
  2022-05-23 09:12:55 INFO  Main:20 - A program itt kezdődik.
  2022-05-23 09:12:59 INFO  MySQLConnection:17 - MySQLConnection létrejött.
  2022-05-23 09:12:59 INFO  MySQLConnection:17 - MySQLConnection létrejött.
  2022-05-23 09:13:01 INFO  MySQLConnection:17 - MySQLConnection létrejött.
  2022-05-23 09:13:01 INFO  MySQLConnection:17 - MySQLConnection létrejött.
  2022-05-23 09:13:01 INFO  MySQLConnection:17 - MySQLConnection létrejött.
  2022-05-23 09:13:01 INFO  MySQLConnection:17 - MySQLConnection létrejött.
  2022-05-23 09:13:04 INFO  MySQLConnection:17 - MySQLConnection létrejött.
  2022-05-23 09:15:00 INFO  Main:20 - A program itt kezdődik.
  2022-05-23 09:15:04 INFO  MySQLConnection:17 - MySQLConnection létrejött.
  2022-05-23 09:15:04 INFO  MySQLConnection:17 - MySQLConnection létrejött.
  2022-05-23 09:15:05 INFO  MySQLConnection:17 - MySQLConnection létrejött.
  2022-05-23 09:15:05 INFO  MySQLConnection:17 - MySQLConnection létrejött.
  2022-05-23 09:15:05 INFO  MySQLConnection:17 - MySQLConnection létrejött.
  2022-05-23 09:15:05 INFO  MySQLConnection:17 - MySQLConnection létrejött.
  2022-05-23 09:15:06 INFO  MySQLConnection:17 - MySQLConnection létrejött.
  2022-05-23 09:15:06 INFO  MySQLConnection:17 - MySQLConnection létrejött.
  2022-05-23 09:15:06 INFO  MySQLConnection:17 - MySQLConnection létrejött.
  2022-05-23 09:15:11 INFO  MySQLConnection:17 - MySQLConnection létrejött.
  2022-05-23 09:15:11 INFO  MySQLConnection:17 - MySQLConnection létrejött.
  2022-05-23 09:15:13 INFO  MySQLConnection:17 - MySQLConnection létrejött.
  2022-05-23 09:15:13 INFO  MySQLConnection:17 - MySQLConnection létrejött.
  2022-05-23 09:16:22 INFO  Main:20 - A program itt kezdődik.
  2022-05-23 09:16:26 INFO  MySQLConnection:17 - MySQLConnection létrejött.
  2022-05-23 09:16:26 INFO  MySQLConnection:17 - MySQLConnection létrejött.
  2022-05-23 09:16:27 INFO  MySQLConnection:17 - MySQLConnection létrejött.
  2022-05-23 09:16:27 INFO  MySQLConnection:17 - MySQLConnection létrejött.
  2022-05-23 09:16:27 INFO  MySQLConnection:17 - MySQLConnection létrejött.
  2022-05-23 09:16:27 INFO  MySQLConnection:17 - MySQLConnection létrejött.
  2022-05-23 09:16:35 INFO  MySQLConnection:17 - MySQLConnection létrejött.
  2022-05-23 09:16:35 INFO  MySQLConnection:17 - MySQLConnection létrejött.
  2022-05-23 09:16:35 INFO  MySQLConnection:17 - MySQLConnection létrejött.
  2022-05-23 09:17:19 INFO  Main:20 - A program itt kezdődik.
  2022-05-23 09:17:24 INFO  MySQLConnection:17 - MySQLConnection létrejött.
  2022-05-23 09:17:24 INFO  MySQLConnection:17 - MySQLConnection létrejött.
  2022-05-23 09:17:25 INFO  MySQLConnection:17 - MySQLConnection létrejött.
  2022-05-23 09:17:25 INFO  MySQLConnection:17 - MySQLConnection létrejött.
  2022-05-23 09:17:25 INFO  MySQLConnection:17 - MySQLConnection létrejött.
  2022-05-23 09:17:25 INFO  MySQLConnection:17 - MySQLConnection létrejött.
  2022-05-23 09:17:26 INFO  MySQLConnection:17 - MySQLConnection létrejött.
  2022-05-23 09:17:26 INFO  MySQLConnection:17 - MySQLConnection létrejött.
  2022-05-23 09:17:26 INFO  MySQLConnection:17 - MySQLConnection létrejött.
  2022-05-23 09:17:53 INFO  MySQLConnection:17 - MySQLConnection létrejött.
  2022-05-23 09:17:59 INFO  Main:20 - A program itt kezdődik.
  2022-05-23 09:18:01 INFO  LoginForm:39 - Regisztrációs gomb megnyomva.
  2022-05-23 09:18:06 INFO  MySQLConnection:17 - MySQLConnection létrejött.
  2022-05-23 09:18:06 INFO  MySQLConnection:17 - MySQLConnection létrejött.
  2022-05-23 09:18:06 INFO  MySQLConnection:17 - MySQLConnection létrejött.
  2022-05-23 09:18:07 INFO  RegisterForm:100 - Regisztráció Sikeres.
  2022-05-23 09:18:11 INFO  MySQLConnection:17 - MySQLConnection létrejött.
  2022-05-23 09:18:11 INFO  MySQLConnection:17 - MySQLConnection létrejött.
  2022-05-23 09:18:12 INFO  MySQLConnection:17 - MySQLConnection létrejött.
  2022-05-23 09:18:12 INFO  MySQLConnection:17 - MySQLConnection létrejött.
  2022-05-23 09:18:12 INFO  MySQLConnection:17 - MySQLConnection létrejött.
  2022-05-23 09:18:12 INFO  MySQLConnection:17 - MySQLConnection létrejött.
  2022-05-23 09:18:17 INFO  MySQLConnection:17 - MySQLConnection létrejött.
  2022-05-23 09:18:17 INFO  WelcomePage:136 - Sor hozzáadva
  2022-05-23 09:18:17 INFO  MySQLConnection:17 - MySQLConnection létrejött.
  2022-05-23 09:18:19 INFO  MySQLConnection:17 - MySQLConnection létrejött.
  2022-05-23 09:18:19 INFO  MySQLConnection:17 - MySQLConnection létrejött.
  2022-05-23 09:18:19 INFO  MySQLConnection:17 - MySQLConnection létrejött.
  2022-05-23 09:18:22 INFO  MySQLConnection:17 - MySQLConnection létrejött.
  2022-05-23 09:18:31 INFO  MySQLConnection:17 - MySQLConnection létrejött.
  2022-05-23 09:18:38 INFO  MySQLConnection:17 - MySQLConnection létrejött.
  2022-05-23 09:20:07 INFO  Main:20 - A program itt kezdődik.
  2022-05-23 09:20:10 INFO  MySQLConnection:17 - MySQLConnection létrejött.
  2022-05-23 09:20:11 INFO  MySQLConnection:17 - MySQLConnection létrejött.
  2022-05-23 09:20:11 INFO  MySQLConnection:17 - MySQLConnection létrejött.
  2022-05-23 09:20:11 INFO  MySQLConnection:17 - MySQLConnection létrejött.
  2022-05-23 09:20:11 INFO  MySQLConnection:17 - MySQLConnection létrejött.
  2022-05-23 09:20:11 INFO  MySQLConnection:17 - MySQLConnection létrejött.
  2022-05-23 09:20:13 INFO  MySQLConnection:17 - MySQLConnection létrejött.
  2022-05-23 09:20:13 INFO  MySQLConnection:17 - MySQLConnection létrejött.
  2022-05-23 09:20:13 INFO  MySQLConnection:17 - MySQLConnection létrejött.
  2022-05-23 09:20:18 INFO  MySQLConnection:17 - MySQLConnection létrejött.
  2022-05-23 09:20:18 INFO  MySQLConnection:17 - MySQLConnection létrejött.
  2022-05-23 09:20:24 INFO  MySQLConnection:17 - MySQLConnection létrejött.
  2022-05-23 09:20:24 INFO  MySQLConnection:17 - MySQLConnection létrejött.
  2022-05-23 09:20:25 INFO  MySQLConnection:17 - MySQLConnection létrejött.
  2022-05-23 09:20:25 INFO  MySQLConnection:17 - MySQLConnection létrejött.
  2022-05-23 09:20:27 INFO  MySQLConnection:17 - MySQLConnection létrejött.
  2022-05-23 09:20:27 INFO  MySQLConnection:17 - MySQLConnection létrejött.
  2022-05-23 09:24:51 INFO  Main:20 - A program itt kezdődik.
  2022-05-23 09:24:55 INFO  MySQLConnection:17 - MySQLConnection létrejött.
  2022-05-23 09:24:55 INFO  MySQLConnection:17 - MySQLConnection létrejött.
  2022-05-23 09:24:56 INFO  MySQLConnection:17 - MySQLConnection létrejött.
  2022-05-23 09:24:56 INFO  MySQLConnection:17 - MySQLConnection létrejött.
  2022-05-23 09:24:56 INFO  MySQLConnection:17 - MySQLConnection létrejött.
  2022-05-23 09:24:56 INFO  MySQLConnection:17 - MySQLConnection létrejött.
  2022-05-23 09:24:57 INFO  MySQLConnection:17 - MySQLConnection létrejött.
  2022-05-23 09:24:57 INFO  MySQLConnection:17 - MySQLConnection létrejött.
  2022-05-23 09:24:57 INFO  MySQLConnection:17 - MySQLConnection létrejött.
  